2021-02-04 09:51:33.459  INFO 14084 --- [main] com.ustcinfo.pabug.PabugApplication      : Starting PabugApplication using Java 1.8.0_171 on LAPTOP-8K008HU7 with PID 14084 (A:\lrsworkspace\pabug\target\classes started by li.zhe2 in A:\lrsworkspace\pabug)
2021-02-04 09:51:33.462  INFO 14084 --- [main] com.ustcinfo.pabug.PabugApplication      : No active profile set, falling back to default profiles: default
2021-02-04 09:51:34.337  INFO 14084 --- [main] o.s.b.w.embedded.tomcat.TomcatWebServer  : Tomcat initialized with port(s): 8081 (http)
2021-02-04 09:51:34.346  INFO 14084 --- [main] o.apache.catalina.core.StandardService   : Starting service [Tomcat]
2021-02-04 09:51:34.346  INFO 14084 --- [main] org.apache.catalina.core.StandardEngine  : Starting Servlet engine: [Apache Tomcat/9.0.41]
2021-02-04 09:51:34.419  INFO 14084 --- [main] o.a.c.c.C.[Tomcat].[localhost].[/]       : Initializing Spring embedded WebApplicationContext
2021-02-04 09:51:34.419  INFO 14084 --- [main] w.s.c.ServletWebServerApplicationContext : Root WebApplicationContext: initialization completed in 907 ms
2021-02-04 09:51:34.788  INFO 14084 --- [main] o.s.s.concurrent.ThreadPoolTaskExecutor  : Initializing ExecutorService 'applicationTaskExecutor'
2021-02-04 09:51:34.924  INFO 14084 --- [main] org.quartz.impl.StdSchedulerFactory      : Using default implementation for ThreadExecutor
2021-02-04 09:51:34.932  INFO 14084 --- [main] org.quartz.core.SchedulerSignalerImpl    : Initialized Scheduler Signaller of type: class org.quartz.core.SchedulerSignalerImpl
2021-02-04 09:51:34.932  INFO 14084 --- [main] org.quartz.core.QuartzScheduler          : Quartz Scheduler v.2.3.2 created.
2021-02-04 09:51:34.932  INFO 14084 --- [main] org.quartz.simpl.RAMJobStore             : RAMJobStore initialized.
2021-02-04 09:51:34.933  INFO 14084 --- [main] org.quartz.core.QuartzScheduler          : Scheduler meta-data: Quartz Scheduler (v2.3.2) 'quartzScheduler' with instanceId 'NON_CLUSTERED'
  Scheduler class: 'org.quartz.core.QuartzScheduler' - running locally.
  NOT STARTED.
  Currently in standby mode.
  Number of jobs executed: 0
  Using thread pool 'org.quartz.simpl.SimpleThreadPool' - with 10 threads.
  Using job-store 'org.quartz.simpl.RAMJobStore' - which does not support persistence. and is not clustered.

2021-02-04 09:51:34.933  INFO 14084 --- [main] org.quartz.impl.StdSchedulerFactory      : Quartz scheduler 'quartzScheduler' initialized from an externally provided properties instance.
2021-02-04 09:51:34.933  INFO 14084 --- [main] org.quartz.impl.StdSchedulerFactory      : Quartz scheduler version: 2.3.2
2021-02-04 09:51:34.933  INFO 14084 --- [main] org.quartz.core.QuartzScheduler          : JobFactory set to: org.springframework.scheduling.quartz.SpringBeanJobFactory@459cfcca
2021-02-04 09:51:35.045  INFO 14084 --- [main] o.s.b.w.embedded.tomcat.TomcatWebServer  : Tomcat started on port(s): 8081 (http) with context path ''
2021-02-04 09:51:35.047  INFO 14084 --- [main] o.s.s.quartz.SchedulerFactoryBean        : Starting Quartz Scheduler now
2021-02-04 09:51:35.047  INFO 14084 --- [main] org.quartz.core.QuartzScheduler          : Scheduler quartzScheduler_$_NON_CLUSTERED started.
2021-02-04 09:51:35.055  INFO 14084 --- [main] com.ustcinfo.pabug.PabugApplication      : Started PabugApplication in 2.066 seconds (JVM running for 3.783)
2021-02-04 09:51:35.073  INFO 14084 --- [main] com.zaxxer.hikari.HikariDataSource       : HikariPool-1 - Starting...
2021-02-04 09:51:35.348  INFO 14084 --- [main] com.zaxxer.hikari.HikariDataSource       : HikariPool-1 - Start completed.
2021-02-04 09:51:35.703  INFO 14084 --- [main] util                                     : 开始连接爬取网站...
2021-02-04 09:51:35.703  INFO 14084 --- [main] util                                     : 直接连接...http://kjt.ah.gov.cn/kjzx/tzgg/index.html
2021-02-04 09:51:36.093  INFO 14084 --- [main] util                                     : 开始连接爬取网站...
2021-02-04 09:51:36.093  INFO 14084 --- [main] util                                     : 直接连接...http://kjt.ah.gov.cn/kjzx/tzgg/120225641.html
2021-02-04 09:51:36.227  INFO 14084 --- [main] util                                     : 开始连接爬取网站...
2021-02-04 09:51:36.227  INFO 14084 --- [main] util                                     : 直接连接...http://kjt.ah.gov.cn/kjzx/tzgg/120225171.html
2021-02-04 09:51:36.429  INFO 14084 --- [main] util                                     : 开始连接爬取网站...
2021-02-04 09:51:36.429  INFO 14084 --- [main] util                                     : 直接连接...http://kjt.ah.gov.cn/kjzx/tzgg/119988721.html
2021-02-04 09:51:36.615  INFO 14084 --- [main] util                                     : 开始连接爬取网站...
2021-02-04 09:51:36.615  INFO 14084 --- [main] util                                     : 直接连接...http://kjt.ah.gov.cn/kjzx/tzgg/119988231.html
2021-02-04 09:51:36.787  INFO 14084 --- [main] util                                     : 开始连接爬取网站...
2021-02-04 09:51:36.787  INFO 14084 --- [main] util                                     : 直接连接...http://kjt.ah.gov.cn/kjzx/tzgg/119988181.html
